E:\homework\git\build\tank_world\Release\cl.command.1.tlog
E:\homework\git\build\tank_world\Release\CL.read.1.tlog
E:\homework\git\build\tank_world\Release\CL.write.1.tlog
E:\HOMEWORK\GIT\BUILD\TANK_WORLD\RELEASE\GAMEOBJECT.OBJ
E:\homework\git\build\tank_world\Release\link.command.1.tlog
E:\homework\git\build\tank_world\Release\link.read.1.tlog
E:\homework\git\build\tank_world\Release\link.write.1.tlog
E:\homework\git\build\tank_world\Release\link-cvtres.read.1.tlog
E:\homework\git\build\tank_world\Release\link-cvtres.write.1.tlog
E:\HOMEWORK\GIT\BUILD\TANK_WORLD\RELEASE\MAIN.OBJ
E:\HOMEWORK\GIT\BUILD\TANK_WORLD\RELEASE\MESHGAMEOBJECT.OBJ
E:\homework\git\build\tank_world\Release\mt.command.1.tlog
E:\homework\git\build\tank_world\Release\mt.read.1.tlog
E:\homework\git\build\tank_world\Release\mt.write.1.tlog
E:\HOMEWORK\GIT\BUILD\TANK_WORLD\RELEASE\OCTTREE.OBJ
E:\homework\git\build\tank_world\Release\rc.command.1.tlog
E:\homework\git\build\tank_world\Release\rc.read.1.tlog
E:\homework\git\build\tank_world\Release\rc.write.1.tlog
E:\HOMEWORK\GIT\BUILD\TANK_WORLD\RELEASE\SCREEN.OBJ
E:\HOMEWORK\GIT\BUILD\TANK_WORLD\RELEASE\TANK.OBJ
E:\HOMEWORK\GIT\BUILD\TANK_WORLD\RELEASE\TANK_WORLD.EXE
E:\HOMEWORK\GIT\BUILD\TANK_WORLD\RELEASE\TANK_WORLD.EXE.INTERMEDIATE.MANIFEST
E:\HOMEWORK\GIT\BUILD\TANK_WORLD\RELEASE\TANK_WORLD.PDB
E:\HOMEWORK\GIT\BUILD\TANK_WORLD\RELEASE\TANK_WORLD.RES
E:\HOMEWORK\GIT\BUILD\TANK_WORLD\RELEASE\TANKWORLD.OBJ
E:\HOMEWORK\GIT\BUILD\TANK_WORLD\RELEASE\UTIL.OBJ
E:\HOMEWORK\GIT\BUILD\TANK_WORLD\RELEASE\VC100.PDB
