Build started 2013/8/2 17:11:14.
     1>Project "E:\homework\git\build\tank_world\tank_world.vcxproj" on node 2 (build target(s)).
     1>InitializeBuildStatus:
         Creating "Debug\tank_world.unsuccessfulbuild" because "AlwaysCreate" was specified.
       ClCompile:
         C:\Program Files (x86)\Microsoft Visual Studio 10.0\VC\bin\CL.exe /c /ZI /nologo /W3 /WX- /Od /Oy- /D WIN32 /D _DEBUG /D _WINDOWS /D _MBCS /Gm /EHsc /RTC1 /MDd /GS /fp:precise /Zc:wchar_t /Zc:forScope /Fo"Debug\\" /Fd"Debug\vc100.pdb" /Gd /TP /analyze- /errorReport:prompt ..\..\src\Tank.cpp ..\..\src\TankWorld.cpp ..\..\src\main.cpp
         Tank.cpp
     1>e:\homework\git\src\vector.h(90): warning C4244: 'initializing' : conversion from 'float' to 'int', possible loss of data
     1>e:\homework\git\src\tank.h(39): warning C4244: '=' : conversion from 'float' to 'int', possible loss of data
     1>e:\homework\git\src\directionallight.h(42): warning C4305: '=' : truncation from 'double' to 'float'
     1>e:\homework\git\src\directionallight.h(43): warning C4305: '=' : truncation from 'double' to 'float'
     1>e:\homework\git\src\directionallight.h(44): warning C4305: '=' : truncation from 'double' to 'float'
     1>e:\homework\git\src\directionallight.h(45): warning C4305: '=' : truncation from 'double' to 'float'
     1>e:\homework\git\src\directionallight.h(47): warning C4305: '=' : truncation from 'double' to 'float'
     1>e:\homework\git\src\directionallight.h(48): warning C4305: '=' : truncation from 'double' to 'float'
     1>e:\homework\git\src\directionallight.h(49): warning C4305: '=' : truncation from 'double' to 'float'
     1>e:\homework\git\src\directionallight.h(50): warning C4305: '=' : truncation from 'double' to 'float'
     1>e:\homework\git\src\skyboxgameobject.h(98): warning C4244: 'initializing' : conversion from 'double' to 'int', possible loss of data
     1>e:\homework\git\src\skyboxgameobject.h(99): warning C4244: 'argument' : conversion from 'int' to 'float', possible loss of data
     1>e:\homework\git\src\skyboxgameobject.h(99): warning C4244: 'argument' : conversion from 'int' to 'float', possible loss of data
     1>e:\homework\git\src\skyboxgameobject.h(99): warning C4244: 'argument' : conversion from 'int' to 'float', possible loss of data
     1>e:\homework\git\src\tank.cpp(71): warning C4244: 'argument' : conversion from 'double' to 'float', possible loss of data
     1>e:\homework\git\src\tank.cpp(74): warning C4244: 'argument' : conversion from 'double' to 'float', possible loss of data
     1>e:\homework\git\src\tank.cpp(81): warning C4244: 'initializing' : conversion from 'float' to 'int', possible loss of data
     1>e:\homework\git\src\tank.cpp(83): warning C4244: 'initializing' : conversion from 'double' to 'float', possible loss of data
     1>e:\homework\git\src\tank.cpp(85): warning C4244: '=' : conversion from 'int' to 'float', possible loss of data
     1>e:\homework\git\src\tank.cpp(89): warning C4244: 'initializing' : conversion from 'double' to 'float', possible loss of data
         Generating Code...
         Compiling...
         main.cpp
     1>e:\homework\git\src\vector.h(90): warning C4244: 'initializing' : conversion from 'float' to 'int', possible loss of data
     1>e:\homework\git\src\directionallight.h(42): warning C4305: '=' : truncation from 'double' to 'float'
     1>e:\homework\git\src\directionallight.h(43): warning C4305: '=' : truncation from 'double' to 'float'
     1>e:\homework\git\src\directionallight.h(44): warning C4305: '=' : truncation from 'double' to 'float'
     1>e:\homework\git\src\directionallight.h(45): warning C4305: '=' : truncation from 'double' to 'float'
     1>e:\homework\git\src\directionallight.h(47): warning C4305: '=' : truncation from 'double' to 'float'
     1>e:\homework\git\src\directionallight.h(48): warning C4305: '=' : truncation from 'double' to 'float'
     1>e:\homework\git\src\directionallight.h(49): warning C4305: '=' : truncation from 'double' to 'float'
     1>e:\homework\git\src\directionallight.h(50): warning C4305: '=' : truncation from 'double' to 'float'
     1>e:\homework\git\src\skyboxgameobject.h(98): warning C4244: 'initializing' : conversion from 'double' to 'int', possible loss of data
     1>e:\homework\git\src\skyboxgameobject.h(99): warning C4244: 'argument' : conversion from 'int' to 'float', possible loss of data
     1>e:\homework\git\src\skyboxgameobject.h(99): warning C4244: 'argument' : conversion from 'int' to 'float', possible loss of data
     1>e:\homework\git\src\skyboxgameobject.h(99): warning C4244: 'argument' : conversion from 'int' to 'float', possible loss of data
     1>e:\homework\git\src\tank.h(39): warning C4244: '=' : conversion from 'float' to 'int', possible loss of data
         TankWorld.cpp
     1>e:\homework\git\src\vector.h(90): warning C4244: 'initializing' : conversion from 'float' to 'int', possible loss of data
     1>e:\homework\git\src\directionallight.h(42): warning C4305: '=' : truncation from 'double' to 'float'
     1>e:\homework\git\src\directionallight.h(43): warning C4305: '=' : truncation from 'double' to 'float'
     1>e:\homework\git\src\directionallight.h(44): warning C4305: '=' : truncation from 'double' to 'float'
     1>e:\homework\git\src\directionallight.h(45): warning C4305: '=' : truncation from 'double' to 'float'
     1>e:\homework\git\src\directionallight.h(47): warning C4305: '=' : truncation from 'double' to 'float'
     1>e:\homework\git\src\directionallight.h(48): warning C4305: '=' : truncation from 'double' to 'float'
     1>e:\homework\git\src\directionallight.h(49): warning C4305: '=' : truncation from 'double' to 'float'
     1>e:\homework\git\src\directionallight.h(50): warning C4305: '=' : truncation from 'double' to 'float'
     1>e:\homework\git\src\skyboxgameobject.h(98): warning C4244: 'initializing' : conversion from 'double' to 'int', possible loss of data
     1>e:\homework\git\src\skyboxgameobject.h(99): warning C4244: 'argument' : conversion from 'int' to 'float', possible loss of data
     1>e:\homework\git\src\skyboxgameobject.h(99): warning C4244: 'argument' : conversion from 'int' to 'float', possible loss of data
     1>e:\homework\git\src\skyboxgameobject.h(99): warning C4244: 'argument' : conversion from 'int' to 'float', possible loss of data
     1>e:\homework\git\src\tank.h(39): warning C4244: '=' : conversion from 'float' to 'int', possible loss of data
     1>e:\homework\git\src\missile.h(24): warning C4305: 'argument' : truncation from 'double' to 'float'
     1>e:\homework\git\src\missile.h(24): warning C4305: 'argument' : truncation from 'double' to 'float'
     1>e:\homework\git\src\missile.h(24): warning C4305: 'argument' : truncation from 'double' to 'float'
     1>e:\homework\git\src\missile.h(118): warning C4244: 'initializing' : conversion from 'double' to 'float', possible loss of data
     1>e:\homework\git\src\tankworld.cpp(16): warning C4244: 'argument' : conversion from 'time_t' to 'unsigned int', possible loss of data
     1>e:\homework\git\src\tankworld.cpp(51): warning C4244: 'argument' : conversion from 'const int' to 'float', possible loss of data
     1>e:\homework\git\src\tankworld.cpp(51): warning C4244: 'argument' : conversion from 'const int' to 'float', possible loss of data
     1>e:\homework\git\src\tankworld.cpp(51): warning C4244: 'argument' : conversion from 'const int' to 'float', possible loss of data
     1>e:\homework\git\src\tankworld.cpp(91): warning C4244: 'argument' : conversion from 'double' to 'float', possible loss of data
     1>e:\homework\git\src\tankworld.cpp(127): warning C4244: 'argument' : conversion from 'double' to 'float', possible loss of data
     1>e:\homework\git\src\tankworld.cpp(127): warning C4244: 'argument' : conversion from 'double' to 'float', possible loss of data
     1>e:\homework\git\src\tankworld.cpp(192): warning C4244: 'argument' : conversion from 'float' to 'int', possible loss of data
     1>e:\homework\git\src\tankworld.cpp(236): warning C4244: 'initializing' : conversion from 'float' to 'int', possible loss of data
     1>e:\homework\git\src\tankworld.cpp(237): warning C4244: 'initializing' : conversion from 'double' to 'float', possible loss of data
     1>e:\homework\git\src\tankworld.cpp(238): warning C4244: 'initializing' : conversion from 'double' to 'float', possible loss of data
     1>e:\homework\git\src\tankworld.cpp(241): warning C4244: 'argument' : conversion from 'int' to 'float', possible loss of data
     1>e:\homework\git\src\tankworld.cpp(249): warning C4244: 'initializing' : conversion from 'double' to 'int', possible loss of data
     1>e:\homework\git\src\tankworld.cpp(251): warning C4244: 'argument' : conversion from 'int' to 'float', possible loss of data
     1>e:\homework\git\src\tankworld.cpp(252): warning C4244: 'argument' : conversion from 'int' to 'float', possible loss of data
     1>e:\homework\git\src\tankworld.cpp(255): warning C4244: 'argument' : conversion from 'const int' to 'float', possible loss of data
     1>e:\homework\git\src\tankworld.cpp(270): warning C4244: 'argument' : conversion from 'int' to 'float', possible loss of data
     1>e:\homework\git\src\tankworld.cpp(279): warning C4244: 'initializing' : conversion from 'double' to 'float', possible loss of data
         Generating Code...
       ResourceCompile:
         All outputs are up-to-date.
       ManifestResourceCompile:
         All outputs are up-to-date.
       Link:
         C:\Program Files (x86)\Microsoft Visual Studio 10.0\VC\bin\link.exe /ERRORREPORT:PROMPT /OUT:"E:\homework\git\build\tank_world\Debug\tank_world.exe" /INCREMENTAL /NOLOGO kernel32.lib user32.lib gdi32.lib winspool.lib comdlg32.lib advapi32.lib shell32.lib ole32.lib oleaut32.lib uuid.lib odbc32.lib odbccp32.lib /MANIFEST /ManifestFile:"Debug\tank_world.exe.intermediate.manifest" /MANIFESTUAC:"level='asInvoker' uiAccess='false'" /DEBUG /PDB:"E:\homework\git\build\tank_world\Debug\tank_world.pdb" /SUBSYSTEM:WINDOWS /TLBID:1 /DYNAMICBASE /NXCOMPAT /IMPLIB:"E:\homework\git\build\tank_world\Debug\tank_world.lib" /MACHINE:X86 Debug\tank_world.res
         Debug\tank_world.exe.embed.manifest.res
         Debug\GameObject.obj
         Debug\MeshGameObject.obj
         Debug\main.obj
         Debug\OctTree.obj
         Debug\Tank.obj
         Debug\Screen.obj
         Debug\TankWorld.obj
         Debug\Util.obj
       Manifest:
         C:\Program Files (x86)\Microsoft SDKs\Windows\v7.0A\bin\mt.exe /nologo /verbose /out:"Debug\tank_world.exe.embed.manifest" /manifest Debug\tank_world.exe.intermediate.manifest
         All outputs are up-to-date.
       LinkEmbedManifest:
         All outputs are up-to-date.
         tank_world.vcxproj -> E:\homework\git\build\tank_world\Debug\tank_world.exe
       FinalizeBuildStatus:
         Deleting file "Debug\tank_world.unsuccessfulbuild".
         Touching "Debug\tank_world.lastbuildstate".
     1>Done Building Project "E:\homework\git\build\tank_world\tank_world.vcxproj" (build target(s)).

Build succeeded.

Time Elapsed 00:00:02.75
