E:\homework\git\build\tank_world\Debug\cl.command.1.tlog
E:\homework\git\build\tank_world\Debug\CL.read.1.tlog
E:\homework\git\build\tank_world\Debug\CL.write.1.tlog
E:\HOMEWORK\GIT\BUILD\TANK_WORLD\DEBUG\GAMEOBJECT.OBJ
E:\homework\git\build\tank_world\Debug\link.command.1.tlog
E:\homework\git\build\tank_world\Debug\link.read.1.tlog
E:\homework\git\build\tank_world\Debug\link.write.1.tlog
E:\homework\git\build\tank_world\Debug\link-cvtres.read.1.tlog
E:\homework\git\build\tank_world\Debug\link-cvtres.write.1.tlog
E:\HOMEWORK\GIT\BUILD\TANK_WORLD\DEBUG\MAIN.OBJ
E:\HOMEWORK\GIT\BUILD\TANK_WORLD\DEBUG\MESHGAMEOBJECT.OBJ
E:\homework\git\build\tank_world\Debug\mt.command.1.tlog
E:\homework\git\build\tank_world\Debug\mt.read.1.tlog
E:\homework\git\build\tank_world\Debug\mt.write.1.tlog
E:\HOMEWORK\GIT\BUILD\TANK_WORLD\DEBUG\OCTTREE.OBJ
E:\homework\git\build\tank_world\Debug\rc.command.1.tlog
E:\homework\git\build\tank_world\Debug\rc.read.1.tlog
E:\homework\git\build\tank_world\Debug\rc.write.1.tlog
E:\HOMEWORK\GIT\BUILD\TANK_WORLD\DEBUG\SCREEN.OBJ
E:\HOMEWORK\GIT\BUILD\TANK_WORLD\DEBUG\TANK.OBJ
E:\HOMEWORK\GIT\BUILD\TANK_WORLD\DEBUG\TANK_WORLD.EXE
E:\HOMEWORK\GIT\BUILD\TANK_WORLD\DEBUG\TANK_WORLD.EXE.EMBED.MANIFEST
E:\HOMEWORK\GIT\BUILD\TANK_WORLD\DEBUG\TANK_WORLD.EXE.EMBED.MANIFEST.RES
E:\HOMEWORK\GIT\BUILD\TANK_WORLD\DEBUG\TANK_WORLD.EXE.INTERMEDIATE.MANIFEST
E:\HOMEWORK\GIT\BUILD\TANK_WORLD\DEBUG\TANK_WORLD.ILK
E:\HOMEWORK\GIT\BUILD\TANK_WORLD\DEBUG\TANK_WORLD.PDB
E:\HOMEWORK\GIT\BUILD\TANK_WORLD\DEBUG\TANK_WORLD.RES
E:\homework\git\build\tank_world\Debug\tank_world_manifest.rc
E:\HOMEWORK\GIT\BUILD\TANK_WORLD\DEBUG\TANKWORLD.OBJ
E:\HOMEWORK\GIT\BUILD\TANK_WORLD\DEBUG\UTIL.OBJ
E:\homework\git\build\tank_world\Debug\vc100.idb
E:\HOMEWORK\GIT\BUILD\TANK_WORLD\DEBUG\VC100.PDB
